# JRE version: Java(TM) SE Runtime Environment (8.0_73-b02) (build 1.8.0_73-b02)
# Java VM: Java HotSpot(TM) 64-Bit Server VM (25.73-b02 mixed mode windows-amd64 compressed oops)
Heap:
 PSYoungGen      total 500224K, used 269094K [0x00000000d5e00000, 0x00000000fd500000, 0x0000000100000000)
  eden space 498688K, 53% used [0x00000000d5e00000,0x00000000e6389a10,0x00000000f4500000)
  from space 1536K, 83% used [0x00000000fd380000,0x00000000fd4c0000,0x00000000fd500000)
  to   space 12288K, 0% used [0x00000000fbd00000,0x00000000fbd00000,0x00000000fc900000)
 ParOldGen       total 87552K, used 21261K [0x0000000081a00000, 0x0000000086f80000, 0x00000000d5e00000)
  object space 87552K, 24% used [0x0000000081a00000,0x0000000082ec3610,0x0000000086f80000)
 Metaspace       used 8102K, capacity 8290K, committed 8576K, reserved 1056768K
  class space    used 783K, capacity 821K, committed 896K, reserved 1048576K
GC Heap History (10 events):
Event: 18.087 GC heap before
{Heap before GC invocations=30 (full 0):
 PSYoungGen      total 637440K, used 635300K [0x00000000d5e00000, 0x00000000ff480000, 0x0000000100000000)
  eden space 633344K, 99% used [0x00000000d5e00000,0x00000000fc68d190,0x00000000fc880000)
  from space 4096K, 96% used [0x00000000fe700000,0x00000000feadc198,0x00000000feb00000)
  to   space 9728K, 0% used [0x00000000feb00000,0x00000000feb00000,0x00000000ff480000)
 ParOldGen       total 87552K, used 15405K [0x0000000081a00000, 0x0000000086f80000, 0x00000000d5e00000)
  object space 87552K, 17% used [0x0000000081a00000,0x000000008290b610,0x0000000086f80000)
 Metaspace       used 7604K, capacity 7714K, committed 7808K, reserved 1056768K
  class space    used 776K, capacity 821K, committed 896K, reserved 1048576K
Event: 18.090 GC heap after
Heap after GC invocations=30 (full 0):
 PSYoungGen      total 604672K, used 544K [0x00000000d5e00000, 0x00000000fec00000, 0x0000000100000000)
  eden space 603648K, 0% used [0x00000000d5e00000,0x00000000d5e00000,0x00000000fab80000)
  from space 1024K, 53% used [0x00000000feb00000,0x00000000feb88000,0x00000000fec00000)
  to   space 12800K, 0% used [0x00000000fd300000,0x00000000fd300000,0x00000000fdf80000)
 ParOldGen       total 87552K, used 18813K [0x0000000081a00000, 0x0000000086f80000, 0x00000000d5e00000)
  object space 87552K, 21% used [0x0000000081a00000,0x0000000082c5f610,0x0000000086f80000)
 Metaspace       used 7604K, capacity 7714K, committed 7808K, reserved 1056768K
  class space    used 776K, capacity 821K, committed 896K, reserved 1048576K
}
Event: 18.711 GC heap before
{Heap before GC invocations=31 (full 0):
 PSYoungGen      total 604672K, used 603739K [0x00000000d5e00000, 0x00000000fec00000, 0x0000000100000000)
  eden space 603648K, 99% used [0x00000000d5e00000,0x00000000fab0ed50,0x00000000fab80000)
  from space 1024K, 53% used [0x00000000feb00000,0x00000000feb88000,0x00000000fec00000)
  to   space 12800K, 0% used [0x00000000fd300000,0x00000000fd300000,0x00000000fdf80000)
 ParOldGen       total 87552K, used 18813K [0x0000000081a00000, 0x0000000086f80000, 0x00000000d5e00000)
  object space 87552K, 21% used [0x0000000081a00000,0x0000000082c5f610,0x0000000086f80000)
 Metaspace       used 7604K, capacity 7714K, committed 7808K, reserved 1056768K
  class space    used 776K, capacity 821K, committed 896K, reserved 1048576K
Event: 18.712 GC heap after
Heap after GC invocations=31 (full 0):
 PSYoungGen      total 576000K, used 512K [0x00000000d5e00000, 0x00000000feb80000, 0x0000000100000000)
  eden space 575488K, 0% used [0x00000000d5e00000,0x00000000d5e00000,0x00000000f9000000)
  from space 512K, 100% used [0x00000000fd300000,0x00000000fd380000,0x00000000fd380000)
  to   space 12800K, 0% used [0x00000000fdf00000,0x00000000fdf00000,0x00000000feb80000)
 ParOldGen       total 87552K, used 19341K [0x0000000081a00000, 0x0000000086f80000, 0x00000000d5e00000)
  object space 87552K, 22% used [0x0000000081a00000,0x0000000082ce3610,0x0000000086f80000)
 Metaspace       used 7604K, capacity 7714K, committed 7808K, reserved 1056768K
  class space    used 776K, capacity 821K, committed 896K, reserved 1048576K
}
Event: 19.373 GC heap before
{Heap before GC invocations=32 (full 0):
 PSYoungGen      total 576000K, used 575340K [0x00000000d5e00000, 0x00000000feb80000, 0x0000000100000000)
  eden space 575488K, 99% used [0x00000000d5e00000,0x00000000f8f5b208,0x00000000f9000000)
  from space 512K, 100% used [0x00000000fd300000,0x00000000fd380000,0x00000000fd380000)
  to   space 12800K, 0% used [0x00000000fdf00000,0x00000000fdf00000,0x00000000feb80000)
 ParOldGen       total 87552K, used 19341K [0x0000000081a00000, 0x0000000086f80000, 0x00000000d5e00000)
  object space 87552K, 22% used [0x0000000081a00000,0x0000000082ce3610,0x0000000086f80000)
 Metaspace       used 7604K, capacity 7714K, committed 7808K, reserved 1056768K
  class space    used 776K, capacity 821K, committed 896K, reserved 1048576K
Event: 19.375 GC heap after
Heap after GC invocations=32 (full 0):
 PSYoungGen      total 549376K, used 576K [0x00000000d5e00000, 0x00000000fe000000, 0x0000000100000000)
  eden space 548352K, 0% used [0x00000000d5e00000,0x00000000d5e00000,0x00000000f7580000)
  from space 1024K, 56% used [0x00000000fdf00000,0x00000000fdf90000,0x00000000fe000000)
  to   space 12800K, 0% used [0x00000000fc700000,0x00000000fc700000,0x00000000fd380000)
 ParOldGen       total 87552K, used 19845K [0x0000000081a00000, 0x0000000086f80000, 0x00000000d5e00000)
  object space 87552K, 22% used [0x0000000081a00000,0x0000000082d61610,0x0000000086f80000)
 Metaspace       used 7604K, capacity 7714K, committed 7808K, reserved 1056768K
  class space    used 776K, capacity 821K, committed 896K, reserved 1048576K
}
Event: 20.175 GC heap before
{Heap before GC invocations=33 (full 0):
 PSYoungGen      total 549376K, used 548575K [0x00000000d5e00000, 0x00000000fe000000, 0x0000000100000000)
  eden space 548352K, 99% used [0x00000000d5e00000,0x00000000f7527de0,0x00000000f7580000)
  from space 1024K, 56% used [0x00000000fdf00000,0x00000000fdf90000,0x00000000fe000000)
  to   space 12800K, 0% used [0x00000000fc700000,0x00000000fc700000,0x00000000fd380000)
 ParOldGen       total 87552K, used 19845K [0x0000000081a00000, 0x0000000086f80000, 0x00000000d5e00000)
  object space 87552K, 22% used [0x0000000081a00000,0x0000000082d61610,0x0000000086f80000)
 Metaspace       used 7604K, capacity 7714K, committed 7808K, reserved 1056768K
  class space    used 776K, capacity 821K, committed 896K, reserved 1048576K
Event: 20.176 GC heap after
Heap after GC invocations=33 (full 0):
 PSYoungGen      total 535552K, used 800K [0x00000000d5e00000, 0x00000000fdf80000, 0x0000000100000000)
  eden space 522752K, 0% used [0x00000000d5e00000,0x00000000d5e00000,0x00000000f5c80000)
  from space 12800K, 6% used [0x00000000fc700000,0x00000000fc7c8000,0x00000000fd380000)
  to   space 12288K, 0% used [0x00000000fd380000,0x00000000fd380000,0x00000000fdf80000)
 ParOldGen       total 87552K, used 20477K [0x0000000081a00000, 0x0000000086f80000, 0x00000000d5e00000)
  object space 87552K, 23% used [0x0000000081a00000,0x0000000082dff610,0x0000000086f80000)
 Metaspace       used 7604K, capacity 7714K, committed 7808K, reserved 1056768K
  class space    used 776K, capacity 821K, committed 896K, reserved 1048576K
}
Event: 21.398 GC heap before
{Heap before GC invocations=34 (full 0):
 PSYoungGen      total 535552K, used 523171K [0x00000000d5e00000, 0x00000000fdf80000, 0x0000000100000000)
  eden space 522752K, 99% used [0x00000000d5e00000,0x00000000f5c20c98,0x00000000f5c80000)
  from space 12800K, 6% used [0x00000000fc700000,0x00000000fc7c8000,0x00000000fd380000)
  to   space 12288K, 0% used [0x00000000fd380000,0x00000000fd380000,0x00000000fdf80000)
 ParOldGen       total 87552K, used 20477K [0x0000000081a00000, 0x0000000086f80000, 0x00000000d5e00000)
  object space 87552K, 23% used [0x0000000081a00000,0x0000000082dff610,0x0000000086f80000)
 Metaspace       used 7604K, capacity 7714K, committed 7808K, reserved 1056768K
  class space    used 776K, capacity 821K, committed 896K, reserved 1048576K
Event: 21.401 GC heap after
Heap after GC invocations=34 (full 0):
 PSYoungGen      total 500224K, used 1280K [0x00000000d5e00000, 0x00000000fd500000, 0x0000000100000000)
  eden space 498688K, 0% used [0x00000000d5e00000,0x00000000d5e00000,0x00000000f4500000)
  from space 1536K, 83% used [0x00000000fd380000,0x00000000fd4c0000,0x00000000fd500000)
  to   space 12288K, 0% used [0x00000000fbd00000,0x00000000fbd00000,0x00000000fc900000)
 ParOldGen       total 87552K, used 21261K [0x0000000081a00000, 0x0000000086f80000, 0x00000000d5e00000)
  object space 87552K, 24% used [0x0000000081a00000,0x0000000082ec3610,0x0000000086f80000)
 Metaspace       used 7604K, capacity 7714K, committed 7808K, reserved 1056768K
  class space    used 776K, capacity 821K, committed 896K, reserved 1048576K
}

